<?xml version="1.0" encoding="UTF-8"?>
<testsuite xmlns:xsi="http://www.w3.org/2001/XMLSchema-instance" xsi:schemaLocation="https://maven.apache.org/surefire/maven-surefire-plugin/xsd/surefire-test-report.xsd" name="TestSuite" time="236.635" tests="15" errors="0" skipped="0" failures="2">
  <properties>
[...]
</properties>
  <testcase name="basicOnboarding" classname="Tests.testHomeScreen" time="19.683"/>
  <testcase name="validateMainHPElements" classname="Tests.testHomeScreen" time="23.013"/>
  <testcase name="validateSplashDisplays" classname="Tests.testHomeScreen" time="23.008"/>
  <testcase name="validateLatestNewsLabelSection" classname="Tests.testHomeScreen" time="23.01"/>
  <testcase name="validateCellElements" classname="Tests.testHomeScreen" time="20.006"/>
  <testcase name="clickOnLatestNewsArticle" classname="Tests.testHomeScreen" time="10.005"/>
  <testcase name="validateWhatsHappeningLabelSection" classname="Tests.testHomeScreen" time="18.007"/>
  <testcase name="validateCellFromWhatsHappeningSectionDisplays" classname="Tests.testHomeScreen" time="21.005"/>
  <testcase name="validateFollowedSectionLabelDisplays" classname="Tests.testHomeScreen" time="7.007"/>
  <testcase name="validateFollowedSectionTextDisplays" classname="Tests.testHomeScreen" time="5.009"/>
  <testcase name="validateFollowedSectionCarrouoselText" classname="Tests.testHomeScreen" time="4.001"/>
  <testcase name="validateLifeCategory" classname="Tests.testHomeScreen" time="2.004"/>
  <testcase name="validateShoppingCategoryElements" classname="Tests.testHomeScreen" time="0"/>
  <testcase name="testFail" classname="Tests.testHomeScreen" time="5.02">
    <failure message="expected [true] but found [false]" type="java.lang.AssertionError">java.lang.AssertionError: expected [true] but found [false]
	at Tests.testHomeScreen.testFail(testHomeScreen.java:235)
</failure>
  </testcase>
  <testcase name="testFail2" classname="Tests.testHomeScreen" time="10">
    <failure message="expected [true] but found [false]" type="java.lang.AssertionError">java.lang.AssertionError: expected [true] but found [false]
	at Tests.testHomeScreen.testFail2(testHomeScreen.java:241)
</failure>
  </testcase>
</testsuite>