<?xml version="1.0" encoding="UTF-8"?>
<testsuite xmlns:xsi="http://www.w3.org/2001/XMLSchema-instance" xsi:schemaLocation="https://maven.apache.org/surefire/maven-surefire-plugin/xsd/surefire-test-report.xsd" name="TestSuite" time="236.635" tests="15" errors="0" skipped="0" failures="2">
  <properties>
    <property name="java.runtime.name" value="Java(TM) SE Runtime Environment"/>
    <property name="java.vm.version" value="16.0.1+9-24"/>
    <property name="sun.boot.library.path" value="C:\Program Files\Java\jdk-16.0.1\bin"/>
    <property name="maven.multiModuleProjectDirectory" value="C:\Users\gabmo\AppData\Local\Jenkins\.jenkins\workspace\Android Huffpost Regression"/>
    <property name="java.vm.vendor" value="Oracle Corporation"/>
    <property name="java.vendor.url" value="https://java.oracle.com/"/>
    <property name="guice.disable.misplaced.annotation.check" value="true"/>
    <property name="path.separator" value=";"/>
    <property name="java.vm.name" value="Java HotSpot(TM) 64-Bit Server VM"/>
    <property name="sun.os.patch.level" value=""/>
    <property name="user.script" value=""/>
    <property name="user.country" value="US"/>
    <property name="sun.java.launcher" value="SUN_STANDARD"/>
    <property name="java.vm.specification.name" value="Java Virtual Machine Specification"/>
    <property name="user.dir" value="C:\Users\gabmo\AppData\Local\Jenkins\.jenkins\workspace\Android Huffpost Regression"/>
    <property name="java.vm.compressedOopsMode" value="Zero based"/>
    <property name="java.runtime.version" value="16.0.1+9-24"/>
    <property name="os.arch" value="amd64"/>
    <property name="java.io.tmpdir" value="C:\Users\gabmo\AppData\Local\Temp\"/>
    <property name="line.separator" value="&#10;"/>
    <property name="java.vm.specification.vendor" value="Oracle Corporation"/>
    <property name="user.variant" value=""/>
    <property name="os.name" value="Windows 10"/>
    <property name="classworlds.conf" value="C:\apache-maven-3.8.1-bin\bin\..\bin\m2.conf"/>
    <property name="sun.jnu.encoding" value="Cp1252"/>
    <property name="java.library.path" value="C:\Program Files\Java\jdk-16.0.1\bin;C:\WINDOWS\Sun\Java\bin;C:\WINDOWS\system32;C:\WINDOWS;/Program Files/Java/jdk-16.0.1/bin;/Program Files/Java/jdk-16.0.1/bin;C:\Python39\Scripts\;C:\Python39\;C:\Program Files\Common Files\Oracle\Java\javapath;C:\Program Files (x86)\Common Files\Oracle\Java\javapath;C:\WINDOWS\system32;C:\WINDOWS;C:\WINDOWS\System32\Wbem;C:\WINDOWS\System32\WindowsPowerShell\v1.0\;C:\WINDOWS\System32\OpenSSH\;C:\Program Files\nodejs\;C:\ProgramData\chocolatey\bin;C:\Program Files\Java\jdk-16.0.1\bin;C:\apache-maven-3.8.1-bin\bin;C:\AndroidTools\\platform-tools;C:\AndroidTools\\tools;C:\Program Files\Git\cmd;C:\Users\gabmo\AppData\Local\Microsoft\WindowsApps;C:\Program Files\IntelliJ IDEA\bin;C:\Users\gabmo\AppData\Roaming\npm;C:\Android Tools\platform-tools;C:\Program Files\nodejs\node_modules\npm;C:\AndroidTools\tools\bin;C:\Opt\apache-maven-3.8.5\bin;C:\Users\gabmo\AppData\Local\Programs\Microsoft VS Code\bin;."/>
    <property name="maven.conf" value="C:\apache-maven-3.8.1-bin\bin\../conf"/>
    <property name="jdk.debug" value="release"/>
    <property name="java.class.version" value="60.0"/>
    <property name="java.specification.name" value="Java Platform API Specification"/>
    <property name="sun.management.compiler" value="HotSpot 64-Bit Tiered Compilers"/>
    <property name="os.version" value="10.0"/>
    <property name="library.jansi.path" value="C:\apache-maven-3.8.1-bin\bin\..\lib\jansi-native"/>
    <property name="user.home" value="C:\Users\gabmo"/>
    <property name="user.timezone" value="America/Buenos_Aires"/>
    <property name="file.encoding" value="Cp1252"/>
    <property name="java.specification.version" value="16"/>
    <property name="user.name" value="gabmo"/>
    <property name="java.class.path" value="C:\apache-maven-3.8.1-bin\bin\..\boot\plexus-classworlds-2.6.0.jar"/>
    <property name="java.vm.specification.version" value="16"/>
    <property name="sun.arch.data.model" value="64"/>
    <property name="sun.java.command" value="org.codehaus.plexus.classworlds.launcher.Launcher -f C:\Users\gabmo\IdeaProjects\HuffpostAndroid\pom.xml test -DargLine=-DTest_NG_XML=SuitesFolder/SecuentialSuites.xml"/>
    <property name="java.home" value="C:\Program Files\Java\jdk-16.0.1"/>
    <property name="user.language" value="en"/>
    <property name="java.specification.vendor" value="Oracle Corporation"/>
    <property name="java.vm.info" value="mixed mode, sharing"/>
    <property name="java.version" value="16.0.1"/>
    <property name="java.vendor" value="Oracle Corporation"/>
    <property name="maven.home" value="C:\apache-maven-3.8.1-bin\bin\.."/>
    <property name="file.separator" value="\"/>
    <property name="java.version.date" value="2021-04-20"/>
    <property name="java.vendor.url.bug" value="https://bugreport.java.com/bugreport/"/>
    <property name="sun.io.unicode.encoding" value="UnicodeLittle"/>
    <property name="sun.cpu.endian" value="little"/>
    <property name="argLine" value="-DTest_NG_XML=SuitesFolder/SecuentialSuites.xml"/>
    <property name="sun.cpu.isalist" value="amd64"/>
  </properties>
  <testcase name="basicOnboarding" classname="Tests.testHomeScreen" time="19.683"/>
  <testcase name="validateMainHPElements" classname="Tests.testHomeScreen" time="23.013"/>
  <testcase name="validateSplashDisplays" classname="Tests.testHomeScreen" time="23.008"/>
  <testcase name="validateLatestNewsLabelSection" classname="Tests.testHomeScreen" time="23.01"/>
  <testcase name="validateCellElements" classname="Tests.testHomeScreen" time="20.006"/>
  <testcase name="clickOnLatestNewsArticle" classname="Tests.testHomeScreen" time="10.005"/>
  <testcase name="validateWhatsHappeningLabelSection" classname="Tests.testHomeScreen" time="18.007"/>
  <testcase name="validateCellFromWhatsHappeningSectionDisplays" classname="Tests.testHomeScreen" time="21.005"/>
  <testcase name="validateFollowedSectionLabelDisplays" classname="Tests.testHomeScreen" time="7.007"/>
  <testcase name="validateFollowedSectionTextDisplays" classname="Tests.testHomeScreen" time="5.009"/>
  <testcase name="validateFollowedSectionCarrouoselText" classname="Tests.testHomeScreen" time="4.001"/>
  <testcase name="validateLifeCategory" classname="Tests.testHomeScreen" time="2.004"/>
  <testcase name="validateShoppingCategoryElements" classname="Tests.testHomeScreen" time="0"/>
  <testcase name="testFail" classname="Tests.testHomeScreen" time="5.02">
    <failure message="expected [true] but found [false]" type="java.lang.AssertionError">java.lang.AssertionError: expected [true] but found [false]
	at Tests.testHomeScreen.testFail(testHomeScreen.java:235)
</failure>
  </testcase>
  <testcase name="testFail2" classname="Tests.testHomeScreen" time="10">
    <failure message="expected [true] but found [false]" type="java.lang.AssertionError">java.lang.AssertionError: expected [true] but found [false]
	at Tests.testHomeScreen.testFail2(testHomeScreen.java:241)
</failure>
  </testcase>
</testsuite>